# JRE version: OpenJDK Runtime Environment Corretto-18.0.2.9.1 (18.0.2+9) (build 18.0.2+9-FR)
# Java VM: OpenJDK 64-Bit Server VM Corretto-18.0.2.9.1 (18.0.2+9-FR, mixed mode, sharing, tiered, compressed oops, compressed class ptrs, g1 gc, windows-amd64)
GC Precious Log:
 CardTable entry size: 512
 Card Set container configuration: InlinePtr #cards 5 size 8 Array Of Cards #cards 12 size 40 Howl #buckets 4 coarsen threshold 1843 Howl Bitmap #cards 512 size 80 coarsen threshold 460 Card regions per heap region 1 cards per card region 2048
 CPUs: 8 total, 8 available
 Memory: 8043M
 Large Page Support: Disabled
 NUMA Support: Disabled
 Compressed Oops: Enabled (32-bit)
 Heap Region Size: 1M
 Heap Min Capacity: 8M
 Heap Initial Capacity: 126M
 Heap Max Capacity: 2012M
 Pre-touch: Disabled
 Parallel Workers: 8
 Concurrent Workers: 2
 Concurrent Refinement Workers: 8
 Periodic GC: Disabled
Heap:
 garbage-first heap   total 98304K, used 52881K [0x0000000082400000, 0x0000000100000000)
  region size 1024K, 18 young (18432K), 1 survivors (1024K)
 Metaspace       used 78167K, committed 78912K, reserved 1179648K
  class space    used 10526K, committed 10880K, reserved 1048576K
GC Heap History (20 events):
Event: 5923.329 GC heap before
{Heap before GC invocations=25 (full 0):
 garbage-first heap   total 98304K, used 49425K [0x0000000082400000, 0x0000000100000000)
  region size 1024K, 15 young (15360K), 2 survivors (2048K)
 Metaspace       used 78056K, committed 78848K, reserved 1179648K
  class space    used 10525K, committed 10880K, reserved 1048576K
}
Event: 5923.558 GC heap after
{Heap after GC invocations=26 (full 0):
 garbage-first heap   total 98304K, used 35951K [0x0000000082400000, 0x0000000100000000)
  region size 1024K, 1 young (1024K), 1 survivors (1024K)
 Metaspace       used 78056K, committed 78848K, reserved 1179648K
  class space    used 10525K, committed 10880K, reserved 1048576K
}
Event: 7100.234 GC heap before
{Heap before GC invocations=26 (full 0):
 garbage-first heap   total 98304K, used 84079K [0x0000000082400000, 0x0000000100000000)
  region size 1024K, 48 young (49152K), 1 survivors (1024K)
 Metaspace       used 78074K, committed 78848K, reserved 1179648K
  class space    used 10525K, committed 10880K, reserved 1048576K
}
Event: 7100.657 GC heap after
{Heap after GC invocations=27 (full 0):
 garbage-first heap   total 98304K, used 35832K [0x0000000082400000, 0x0000000100000000)
  region size 1024K, 1 young (1024K), 1 survivors (1024K)
 Metaspace       used 78074K, committed 78848K, reserved 1179648K
  class space    used 10525K, committed 10880K, reserved 1048576K
}
Event: 7113.081 GC heap before
{Heap before GC invocations=27 (full 0):
 garbage-first heap   total 98304K, used 38904K [0x0000000082400000, 0x0000000100000000)
  region size 1024K, 4 young (4096K), 1 survivors (1024K)
 Metaspace       used 78075K, committed 78848K, reserved 1179648K
  class space    used 10525K, committed 10880K, reserved 1048576K
}
Event: 7115.212 GC heap after
{Heap after GC invocations=28 (full 0):
 garbage-first heap   total 98304K, used 35943K [0x0000000082400000, 0x0000000100000000)
  region size 1024K, 1 young (1024K), 1 survivors (1024K)
 Metaspace       used 78075K, committed 78848K, reserved 1179648K
  class space    used 10525K, committed 10880K, reserved 1048576K
}
Event: 7122.531 GC heap before
{Heap before GC invocations=28 (full 0):
 garbage-first heap   total 98304K, used 39015K [0x0000000082400000, 0x0000000100000000)
  region size 1024K, 4 young (4096K), 1 survivors (1024K)
 Metaspace       used 78080K, committed 78848K, reserved 1179648K
  class space    used 10525K, committed 10880K, reserved 1048576K
}
Event: 7122.743 GC heap after
{Heap after GC invocations=29 (full 0):
 garbage-first heap   total 98304K, used 36018K [0x0000000082400000, 0x0000000100000000)
  region size 1024K, 1 young (1024K), 1 survivors (1024K)
 Metaspace       used 78080K, committed 78848K, reserved 1179648K
  class space    used 10525K, committed 10880K, reserved 1048576K
}
Event: 7133.183 GC heap before
{Heap before GC invocations=29 (full 0):
 garbage-first heap   total 98304K, used 40114K [0x0000000082400000, 0x0000000100000000)
  region size 1024K, 5 young (5120K), 1 survivors (1024K)
 Metaspace       used 78100K, committed 78848K, reserved 1179648K
  class space    used 10526K, committed 10880K, reserved 1048576K
}
Event: 7133.244 GC heap after
{Heap after GC invocations=30 (full 0):
 garbage-first heap   total 98304K, used 36192K [0x0000000082400000, 0x0000000100000000)
  region size 1024K, 1 young (1024K), 1 survivors (1024K)
 Metaspace       used 78100K, committed 78848K, reserved 1179648K
  class space    used 10526K, committed 10880K, reserved 1048576K
}
Event: 7295.897 GC heap before
{Heap before GC invocations=30 (full 0):
 garbage-first heap   total 98304K, used 45408K [0x0000000082400000, 0x0000000100000000)
  region size 1024K, 10 young (10240K), 1 survivors (1024K)
 Metaspace       used 78104K, committed 78848K, reserved 1179648K
  class space    used 10526K, committed 10880K, reserved 1048576K
}
Event: 7295.907 GC heap after
{Heap after GC invocations=31 (full 0):
 garbage-first heap   total 98304K, used 36305K [0x0000000082400000, 0x0000000100000000)
  region size 1024K, 1 young (1024K), 1 survivors (1024K)
 Metaspace       used 78104K, committed 78848K, reserved 1179648K
  class space    used 10526K, committed 10880K, reserved 1048576K
}
Event: 7736.816 GC heap before
{Heap before GC invocations=31 (full 0):
 garbage-first heap   total 98304K, used 54737K [0x0000000082400000, 0x0000000100000000)
  region size 1024K, 19 young (19456K), 1 survivors (1024K)
 Metaspace       used 78118K, committed 78848K, reserved 1179648K
  class space    used 10526K, committed 10880K, reserved 1048576K
}
Event: 7736.845 GC heap after
{Heap after GC invocations=32 (full 0):
 garbage-first heap   total 98304K, used 36280K [0x0000000082400000, 0x0000000100000000)
  region size 1024K, 1 young (1024K), 1 survivors (1024K)
 Metaspace       used 78118K, committed 78848K, reserved 1179648K
  class space    used 10526K, committed 10880K, reserved 1048576K
}
Event: 8626.418 GC heap before
{Heap before GC invocations=32 (full 0):
 garbage-first heap   total 98304K, used 73144K [0x0000000082400000, 0x0000000100000000)
  region size 1024K, 37 young (37888K), 1 survivors (1024K)
 Metaspace       used 78118K, committed 78848K, reserved 1179648K
  class space    used 10526K, committed 10880K, reserved 1048576K
}
Event: 8626.497 GC heap after
{Heap after GC invocations=33 (full 0):
 garbage-first heap   total 98304K, used 36312K [0x0000000082400000, 0x0000000100000000)
  region size 1024K, 1 young (1024K), 1 survivors (1024K)
 Metaspace       used 78118K, committed 78848K, reserved 1179648K
  class space    used 10526K, committed 10880K, reserved 1048576K
}
Event: 9451.787 GC heap before
{Heap before GC invocations=33 (full 0):
 garbage-first heap   total 98304K, used 83416K [0x0000000082400000, 0x0000000100000000)
  region size 1024K, 47 young (48128K), 1 survivors (1024K)
 Metaspace       used 78147K, committed 78848K, reserved 1179648K
  class space    used 10526K, committed 10880K, reserved 1048576K
}
Event: 9452.082 GC heap after
{Heap after GC invocations=34 (full 0):
 garbage-first heap   total 98304K, used 36662K [0x0000000082400000, 0x0000000100000000)
  region size 1024K, 1 young (1024K), 1 survivors (1024K)
 Metaspace       used 78147K, committed 78848K, reserved 1179648K
  class space    used 10526K, committed 10880K, reserved 1048576K
}
Event: 10135.923 GC heap before
{Heap before GC invocations=34 (full 0):
 garbage-first heap   total 98304K, used 65334K [0x0000000082400000, 0x0000000100000000)
  region size 1024K, 29 young (29696K), 1 survivors (1024K)
 Metaspace       used 78147K, committed 78848K, reserved 1179648K
  class space    used 10526K, committed 10880K, reserved 1048576K
}
Event: 10136.278 GC heap after
{Heap after GC invocations=35 (full 0):
 garbage-first heap   total 98304K, used 36497K [0x0000000082400000, 0x0000000100000000)
  region size 1024K, 1 young (1024K), 1 survivors (1024K)
 Metaspace       used 78147K, committed 78848K, reserved 1179648K
  class space    used 10526K, committed 10880K, reserved 1048576K
}

